Student ID,Status,Remark
6538102421,FAILED,Error In your Constructor (actual and formal argument lists differ in length)
6738004821,PASSED,Error In your Constructor 
6738013421,PASSED,Error In your Constructor 
6738096521,PASSED,Error In your Constructor 
6738105521,PASSED,All tests passed
6738110621,PASSED,All tests passed
6738111221,PASSED,All tests passed
6738166821,PASSED,All tests passed
6738205621,PASSED,All tests passed
6738236021,PASSED,All tests passed
6738236021,PASSED,All tests passed
6738269821,PASSED,All tests passed
6802027529,PASSED,All tests passed
6838002621,PASSED,All tests passed
6838012921,PASSED,All tests passed
6838014121,PASSED,All tests passed
6838020921,PASSED,All tests passed
6838026721,PASSED,All tests passed
6838032421,PASSED,All tests passed
6838033021,PASSED,All tests passed
6838035321,FAILED,Error In your Constructor (actual and formal argument lists differ in length)
6838039921,PASSED,Error In your Constructor 
6838045621,PASSED,Error In your Constructor 
6838048521,PASSED,Error In your Constructor 
6838048521,PASSED,All tests passed
6838052021,PASSED,All tests passed
6838060021,PASSED,All tests passed
6838063921,FAILED,Error In your Constructor (actual and formal argument lists differ in length)
6838071921,PASSED,Error In your Constructor 
6838072521,PASSED,Error In your Constructor 
6838072521,PASSED,Error In your Constructor 
6838073121,PASSED,All tests passed
6838075421,PASSED,All tests passed
6838080521,PASSED,All tests passed
6838095021,PASSED,All tests passed
6838095021,PASSED,All tests passed
6838099521,PASSED,All tests passed
6838099521,PASSED,All tests passed
6838110721,PASSED,All tests passed
6838112021,PASSED,All tests passed
6838133121,PASSED,All tests passed
6838133121,PASSED,All tests passed
6838136021,PASSED,All tests passed
6838138321,PASSED,All tests passed
6838149221,PASSED,All tests passed
6838149221,PASSED,All tests passed
6838155021,PASSED,All tests passed
6838161721,PASSED,All tests passed
6838164621,PASSED,All tests passed
6838164621,PASSED,All tests passed
6838169821,PASSED,All tests passed
6838169821,PASSED,All tests passed
6838169821,PASSED,All tests passed
6838176121,FAILED,Wrong class name?
6838183521,PASSED,All tests passed
6838187021,PASSED,All tests passed
6838187021,PASSED,All tests passed
6838187021,PASSED,All tests passed
6838188721,PASSED,All tests passed
6838190921,PASSED,All tests passed
6838192121,PASSED,All tests passed
6838196721,PASSED,All tests passed
6838196721,PASSED,All tests passed
6838199621,PASSED,All tests passed
6838204021,PASSED,All tests passed
6838207021,PASSED,All tests passed
6838209221,FAILED,Wrong class name?
6838213721,PASSED,All tests passed
6838220021,PASSED,All tests passed
6838226921,FAILED,Error In your Constructor (actual and formal argument lists differ in length)
6838229821,PASSED,All tests passed
6838231021,PASSED,All tests passed
6838241221,PASSED,All tests passed
6838241221,PASSED,All tests passed
6838249321,PASSED,All tests passed
6838250921,PASSED,All tests passed
6838254421,PASSED,All tests passed
6838257321,FAILED,Error In your Constructor (actual and formal argument lists differ in length)
6838260121,PASSED,All tests passed
6838262421,PASSED,All tests passed
6838268221,PASSED,All tests passed
6838273321,PASSED,All tests passed
6838276221,PASSED,All tests passed
6838283621,PASSED,All tests passed
6838285921,PASSED,All tests passed
6838293921,FAILED,Error In your Constructor (actual and formal argument lists differ in length)
6838299721,PASSED,All tests passed
6838300621,PASSED,All tests passed
6838301221,PASSED,All tests passed
6838303521,PASSED,All tests passed
6838304121,PASSED,All tests passed
6838307021,PASSED,All tests passed
6838310921,PASSED,All tests passed
6838312121,PASSED,All tests passed
6838313821,FAILED,Error In your Constructor (actual and formal argument lists differ in length)
6838321821,PASSED,All tests passed
6838322421,PASSED,All tests passed
6838326021,PASSED,All tests passed
6838334021,PASSED,All tests passed
6838338521,FAILED,Wrong class name?
